::1 - - [25/Apr/2026 17:40:04] "GET / HTTP/1.1" 304 -
::1 - - [25/Apr/2026 17:40:04] "GET /assets/dervon-logo.png HTTP/1.1" 200 -
::1 - - [25/Apr/2026 17:40:04] "GET /assets/hero-b2b.png HTTP/1.1" 200 -
::1 - - [25/Apr/2026 17:40:04] "GET /assets/proof1.png HTTP/1.1" 200 -
::1 - - [25/Apr/2026 17:40:04] "GET /assets/proof2.png HTTP/1.1" 200 -
::1 - - [25/Apr/2026 17:40:04] "GET /assets/proof3.png HTTP/1.1" 200 -
::1 - - [25/Apr/2026 17:40:04] "GET /assets/proof4.png HTTP/1.1" 200 -
::1 - - [25/Apr/2026 17:40:04] "GET /assets/proof5.png HTTP/1.1" 200 -
::1 - - [25/Apr/2026 17:40:04] "GET /assets/proof6.png HTTP/1.1" 200 -
::1 - - [25/Apr/2026 17:40:04] "GET /assets/proof7.png HTTP/1.1" 200 -
::1 - - [25/Apr/2026 17:40:04] "GET /assets/proof8.png HTTP/1.1" 200 -
::1 - - [25/Apr/2026 17:40:04] "GET /assets/growth_infographic.png HTTP/1.1" 200 -
::1 - - [25/Apr/2026 17:40:04] "GET /assets/m2.svg HTTP/1.1" 304 -
::1 - - [25/Apr/2026 17:40:04] "GET /assets/m5.svg HTTP/1.1" 304 -
::1 - - [25/Apr/2026 17:40:04] "GET /assets/m1.svg HTTP/1.1" 304 -
::1 - - [25/Apr/2026 17:40:04] "GET /assets/m3.svg HTTP/1.1" 304 -
::1 - - [25/Apr/2026 17:40:04] "GET /assets/m6.svg HTTP/1.1" 304 -
::1 - - [25/Apr/2026 17:40:04] "GET /assets/m4.svg HTTP/1.1" 304 -
::1 - - [25/Apr/2026 17:40:04] "GET /assets/m7.svg HTTP/1.1" 304 -
::1 - - [25/Apr/2026 17:40:04] "GET /assets/b1.svg HTTP/1.1" 304 -
::1 - - [25/Apr/2026 17:40:04] "GET /assets/b2.svg HTTP/1.1" 304 -
::1 - - [25/Apr/2026 17:40:04] "GET /assets/b3.svg HTTP/1.1" 304 -
::1 - - [25/Apr/2026 17:40:04] "GET /assets/b4.svg HTTP/1.1" 304 -
::1 - - [25/Apr/2026 17:40:04] "GET /assets/prozone.png HTTP/1.1" 200 -
::1 - - [25/Apr/2026 17:40:04] "GET /assets/selfynity.png HTTP/1.1" 200 -
::1 - - [25/Apr/2026 17:40:04] "GET /assets/aquacomfort.png HTTP/1.1" 200 -
::1 - - [25/Apr/2026 17:40:04] "GET /assets/pl3.png HTTP/1.1" 200 -
::1 - - [25/Apr/2026 17:40:04] "GET /assets/pl2.png HTTP/1.1" 200 -
::1 - - [25/Apr/2026 17:40:04] "GET /assets/pl4.png HTTP/1.1" 200 -
::1 - - [25/Apr/2026 17:40:04] "GET /assets/bg-partnership.png HTTP/1.1" 200 -
::1 - - [25/Apr/2026 17:40:04] "GET /favicon.png HTTP/1.1" 304 -
::1 - - [25/Apr/2026 17:45:22] "GET / HTTP/1.1" 200 -
::1 - - [25/Apr/2026 17:45:22] "GET / HTTP/1.1" 304 -
::1 - - [25/Apr/2026 17:47:54] "GET / HTTP/1.1" 304 -
::1 - - [25/Apr/2026 17:52:20] "GET / HTTP/1.1" 200 -
::1 - - [25/Apr/2026 17:52:20] "GET / HTTP/1.1" 304 -
::1 - - [25/Apr/2026 17:55:07] "GET / HTTP/1.1" 200 -
::1 - - [25/Apr/2026 18:14:01] "GET / HTTP/1.1" 304 -
::1 - - [25/Apr/2026 18:17:16] "GET / HTTP/1.1" 304 -
::1 - - [25/Apr/2026 18:17:17] "GET / HTTP/1.1" 304 -
::1 - - [25/Apr/2026 18:19:32] "GET / HTTP/1.1" 200 -
::1 - - [25/Apr/2026 18:19:32] "GET / HTTP/1.1" 304 -
::1 - - [25/Apr/2026 18:27:35] "GET / HTTP/1.1" 200 -
::1 - - [25/Apr/2026 19:23:01] "GET / HTTP/1.1" 200 -
::1 - - [25/Apr/2026 19:23:01] "GET /assets/sg-phase1.jpeg HTTP/1.1" 200 -
::1 - - [25/Apr/2026 19:24:13] "GET / HTTP/1.1" 200 -
::1 - - [25/Apr/2026 19:24:13] "GET /assets/sg-phase1.jpeg HTTP/1.1" 304 -
::1 - - [25/Apr/2026 19:24:15] "GET / HTTP/1.1" 304 -
::1 - - [25/Apr/2026 19:25:48] "GET / HTTP/1.1" 304 -
::1 - - [25/Apr/2026 19:25:48] "GET /assets/sg-phase1.jpeg HTTP/1.1" 304 -
::1 - - [25/Apr/2026 19:25:49] "GET / HTTP/1.1" 304 -
::1 - - [25/Apr/2026 19:25:49] "GET / HTTP/1.1" 304 -
::1 - - [25/Apr/2026 19:25:50] "GET / HTTP/1.1" 304 -
::1 - - [25/Apr/2026 19:25:50] "GET / HTTP/1.1" 304 -
::1 - - [25/Apr/2026 19:25:50] "GET / HTTP/1.1" 304 -
::1 - - [25/Apr/2026 19:25:50] "GET / HTTP/1.1" 304 -
::1 - - [25/Apr/2026 19:25:50] "GET / HTTP/1.1" 304 -
::1 - - [25/Apr/2026 19:25:50] "GET / HTTP/1.1" 304 -
::1 - - [25/Apr/2026 19:26:53] "GET / HTTP/1.1" 200 -
::1 - - [25/Apr/2026 19:26:54] "GET /assets/sg-phase1.jpeg HTTP/1.1" 304 -
::1 - - [25/Apr/2026 19:29:41] "GET / HTTP/1.1" 200 -
::1 - - [25/Apr/2026 19:29:41] "GET /assets/sg-phase1.jpeg HTTP/1.1" 304 -
::1 - - [25/Apr/2026 19:29:42] "GET / HTTP/1.1" 304 -
::1 - - [25/Apr/2026 21:40:51] "GET / HTTP/1.1" 200 -
::1 - - [25/Apr/2026 21:40:51] "GET /assets/sg-phase1.jpeg HTTP/1.1" 304 -
::1 - - [25/Apr/2026 21:57:01] "GET / HTTP/1.1" 200 -
::1 - - [25/Apr/2026 21:57:01] "GET /assets/sg-phase3.jpeg HTTP/1.1" 200 -
::1 - - [25/Apr/2026 21:57:01] "GET /assets/sg-phase1.jpeg HTTP/1.1" 304 -
::1 - - [25/Apr/2026 22:02:17] "GET / HTTP/1.1" 200 -
::1 - - [25/Apr/2026 22:02:17] "GET /assets/sg-phase3.png HTTP/1.1" 200 -
::1 - - [25/Apr/2026 22:02:17] "GET /favicon.png HTTP/1.1" 304 -
::1 - - [25/Apr/2026 22:07:27] "GET / HTTP/1.1" 200 -
::1 - - [25/Apr/2026 22:07:28] "GET /assets/sg-phase4-1.jpeg HTTP/1.1" 200 -
::1 - - [25/Apr/2026 22:07:28] "GET /assets/sg-phase3.png HTTP/1.1" 304 -
::1 - - [25/Apr/2026 22:07:28] "GET /assets/sg-phase4-2.jpeg HTTP/1.1" 200 -
::1 - - [25/Apr/2026 22:07:28] "GET /assets/sg-phase4-3.jpeg HTTP/1.1" 200 -
::1 - - [25/Apr/2026 22:07:28] "GET /assets/sg-phase4-4.jpeg HTTP/1.1" 200 -
::1 - - [25/Apr/2026 22:07:28] "GET /assets/sg-phase4-5.jpeg HTTP/1.1" 200 -
::1 - - [25/Apr/2026 22:09:32] "GET / HTTP/1.1" 200 -
::1 - - [25/Apr/2026 22:09:32] "GET /assets/sg-phase4-1.jpeg HTTP/1.1" 304 -
::1 - - [25/Apr/2026 22:09:32] "GET /assets/sg-phase3.png HTTP/1.1" 304 -
::1 - - [25/Apr/2026 22:09:32] "GET /assets/sg-phase4-2.jpeg HTTP/1.1" 304 -
::1 - - [25/Apr/2026 22:09:32] "GET /assets/sg-phase4-3.jpeg HTTP/1.1" 304 -
::1 - - [25/Apr/2026 22:09:32] "GET /assets/sg-phase4-4.jpeg HTTP/1.1" 304 -
::1 - - [25/Apr/2026 22:09:32] "GET /assets/sg-phase4-5.jpeg HTTP/1.1" 304 -
::1 - - [25/Apr/2026 22:12:09] "GET / HTTP/1.1" 200 -
::1 - - [25/Apr/2026 22:12:09] "GET /assets/sg-phase3.png HTTP/1.1" 304 -
::1 - - [25/Apr/2026 22:12:09] "GET /assets/sg-phase4-1.jpeg HTTP/1.1" 304 -
::1 - - [25/Apr/2026 22:12:09] "GET /assets/sg-phase4-3.jpeg HTTP/1.1" 304 -
::1 - - [25/Apr/2026 22:12:09] "GET /assets/sg-phase4-2.jpeg HTTP/1.1" 304 -
::1 - - [25/Apr/2026 22:12:09] "GET /assets/sg-phase4-5.jpeg HTTP/1.1" 304 -
::1 - - [25/Apr/2026 22:12:09] "GET /assets/sg-phase4-4.jpeg HTTP/1.1" 304 -
::1 - - [25/Apr/2026 22:14:55] "GET / HTTP/1.1" 200 -
::1 - - [25/Apr/2026 22:14:55] "GET /assets/sg-phase3.png HTTP/1.1" 304 -
::1 - - [25/Apr/2026 22:14:55] "GET /assets/sg-phase1.jpeg HTTP/1.1" 304 -
::1 - - [25/Apr/2026 22:14:55] "GET /assets/sg-phase4-1.jpeg HTTP/1.1" 304 -
::1 - - [25/Apr/2026 22:14:55] "GET /assets/sg-phase4-2.jpeg HTTP/1.1" 304 -
::1 - - [25/Apr/2026 22:14:55] "GET /assets/sg-phase4-3.jpeg HTTP/1.1" 304 -
::1 - - [25/Apr/2026 22:14:55] "GET /assets/sg-phase4-4.jpeg HTTP/1.1" 304 -
::1 - - [25/Apr/2026 22:14:55] "GET /assets/sg-phase5.jpeg HTTP/1.1" 200 -
::1 - - [25/Apr/2026 22:14:55] "GET /assets/sg-phase4-5.jpeg HTTP/1.1" 304 -
::1 - - [25/Apr/2026 22:19:37] "GET / HTTP/1.1" 200 -
::1 - - [25/Apr/2026 22:19:38] "GET /assets/sg-phase3.png HTTP/1.1" 304 -
::1 - - [25/Apr/2026 22:19:38] "GET /assets/sg-phase4-2.jpeg HTTP/1.1" 304 -
::1 - - [25/Apr/2026 22:19:38] "GET /assets/sg-phase4-1.jpeg HTTP/1.1" 304 -
::1 - - [25/Apr/2026 22:19:38] "GET /assets/sg-phase4-3.jpeg HTTP/1.1" 304 -
::1 - - [25/Apr/2026 22:19:38] "GET /assets/sg-phase4-4.jpeg HTTP/1.1" 304 -
::1 - - [25/Apr/2026 22:19:38] "GET /assets/sg-phase4-5.jpeg HTTP/1.1" 304 -
::1 - - [25/Apr/2026 22:19:38] "GET /assets/sg-phase5.jpeg HTTP/1.1" 304 -
::1 - - [25/Apr/2026 22:19:38] "GET /assets/sg-phase6.png HTTP/1.1" 200 -
::1 - - [25/Apr/2026 22:24:08] "GET / HTTP/1.1" 200 -
::1 - - [25/Apr/2026 22:24:08] "GET /assets/sg-phase3.png HTTP/1.1" 304 -
::1 - - [25/Apr/2026 22:24:08] "GET /assets/sg-phase4-1.jpeg HTTP/1.1" 304 -
::1 - - [25/Apr/2026 22:24:08] "GET /assets/sg-phase4-3.jpeg HTTP/1.1" 304 -
::1 - - [25/Apr/2026 22:24:08] "GET /assets/sg-phase4-2.jpeg HTTP/1.1" 304 -
::1 - - [25/Apr/2026 22:24:08] "GET /assets/sg-phase4-4.jpeg HTTP/1.1" 304 -
::1 - - [25/Apr/2026 22:24:08] "GET /assets/sg-phase4-5.jpeg HTTP/1.1" 304 -
::1 - - [25/Apr/2026 22:24:08] "GET /assets/sg-phase5.jpeg HTTP/1.1" 304 -
::1 - - [25/Apr/2026 22:24:08] "GET /assets/sg-phase6.png HTTP/1.1" 304 -
::1 - - [25/Apr/2026 22:24:08] "GET /assets/sg-phase7.mp4 HTTP/1.1" 200 -
::1 - - [25/Apr/2026 22:34:26] "GET / HTTP/1.1" 200 -
::1 - - [25/Apr/2026 22:34:26] "GET /assets/sg-phase3.png HTTP/1.1" 304 -
::1 - - [25/Apr/2026 22:34:26] "GET /assets/sg-phase1.jpeg HTTP/1.1" 304 -
::1 - - [25/Apr/2026 22:34:26] "GET /assets/sg-phase4-1.jpeg HTTP/1.1" 304 -
::1 - - [25/Apr/2026 22:34:26] "GET /assets/sg-phase4-2.jpeg HTTP/1.1" 304 -
::1 - - [25/Apr/2026 22:34:26] "GET /assets/sg-phase4-4.jpeg HTTP/1.1" 304 -
::1 - - [25/Apr/2026 22:34:26] "GET /assets/sg-phase4-3.jpeg HTTP/1.1" 304 -
::1 - - [25/Apr/2026 22:34:26] "GET /assets/sg-phase5.jpeg HTTP/1.1" 304 -
::1 - - [25/Apr/2026 22:34:26] "GET /assets/sg-phase4-5.jpeg HTTP/1.1" 304 -
::1 - - [25/Apr/2026 22:34:26] "GET /assets/sg-phase8-1.jpeg HTTP/1.1" 200 -
::1 - - [25/Apr/2026 22:34:26] "GET /assets/sg-phase8-2.jpeg HTTP/1.1" 200 -
::1 - - [25/Apr/2026 22:34:26] "GET /assets/sg-phase6.png HTTP/1.1" 304 -
::1 - - [25/Apr/2026 22:34:26] "GET /assets/sg-phase8-3.jpeg HTTP/1.1" 200 -
::1 - - [25/Apr/2026 22:34:26] "GET /assets/sg-phase8-4.jpeg HTTP/1.1" 200 -
::1 - - [25/Apr/2026 22:34:26] "GET /assets/sg-phase8-5.jpeg HTTP/1.1" 200 -
::1 - - [25/Apr/2026 22:34:26] "GET /assets/sg-phase8-6.jpeg HTTP/1.1" 200 -
::1 - - [25/Apr/2026 22:34:26] "GET /assets/sg-phase8-7.jpeg HTTP/1.1" 200 -
::1 - - [25/Apr/2026 22:34:26] "GET /assets/sg-phase7.mp4 HTTP/1.1" 304 -
::1 - - [25/Apr/2026 22:36:51] "GET / HTTP/1.1" 304 -
::1 - - [25/Apr/2026 22:36:51] "GET /assets/sg-phase5.jpeg HTTP/1.1" 304 -
::1 - - [25/Apr/2026 22:36:51] "GET /assets/sg-phase6.png HTTP/1.1" 304 -
::1 - - [25/Apr/2026 22:36:51] "GET /assets/sg-phase8-2.jpeg HTTP/1.1" 304 -
::1 - - [25/Apr/2026 22:36:51] "GET /assets/sg-phase8-1.jpeg HTTP/1.1" 304 -
::1 - - [25/Apr/2026 22:36:51] "GET /assets/sg-phase8-3.jpeg HTTP/1.1" 304 -
::1 - - [25/Apr/2026 22:36:51] "GET /assets/sg-phase8-4.jpeg HTTP/1.1" 304 -
::1 - - [25/Apr/2026 22:36:51] "GET /assets/sg-phase8-6.jpeg HTTP/1.1" 304 -
::1 - - [25/Apr/2026 22:36:51] "GET /assets/sg-phase8-5.jpeg HTTP/1.1" 304 -
::1 - - [25/Apr/2026 22:36:51] "GET /assets/sg-phase8-7.jpeg HTTP/1.1" 304 -
::1 - - [25/Apr/2026 22:36:51] "GET /assets/sg-phase7.mp4 HTTP/1.1" 304 -
::1 - - [25/Apr/2026 22:44:13] "GET / HTTP/1.1" 200 -
::1 - - [25/Apr/2026 22:44:14] "GET /assets/sg-phase4-1.jpeg HTTP/1.1" 304 -
::1 - - [25/Apr/2026 22:44:14] "GET /assets/sg-phase4-2.jpeg HTTP/1.1" 304 -
::1 - - [25/Apr/2026 22:44:14] "GET /assets/sg-phase3.png HTTP/1.1" 304 -
::1 - - [25/Apr/2026 22:44:14] "GET /assets/sg-phase4-3.jpeg HTTP/1.1" 304 -
::1 - - [25/Apr/2026 22:44:14] "GET /assets/sg-phase4-4.jpeg HTTP/1.1" 304 -
::1 - - [25/Apr/2026 22:44:14] "GET /assets/sg-phase4-5.jpeg HTTP/1.1" 304 -
::1 - - [25/Apr/2026 22:44:14] "GET /assets/sg-phase5.jpeg HTTP/1.1" 304 -
::1 - - [25/Apr/2026 22:44:14] "GET /assets/sg-phase6.png HTTP/1.1" 304 -
::1 - - [25/Apr/2026 22:44:14] "GET /assets/sg-phase8-2.jpeg HTTP/1.1" 304 -
::1 - - [25/Apr/2026 22:44:14] "GET /assets/sg-phase8-3.jpeg HTTP/1.1" 304 -
::1 - - [25/Apr/2026 22:44:14] "GET /assets/sg-phase8-1.jpeg HTTP/1.1" 304 -
::1 - - [25/Apr/2026 22:44:14] "GET /assets/sg-phase8-4.jpeg HTTP/1.1" 304 -
::1 - - [25/Apr/2026 22:44:14] "GET /assets/sg-phase8-5.jpeg HTTP/1.1" 304 -
::1 - - [25/Apr/2026 22:44:14] "GET /assets/sg-phase8-6.jpeg HTTP/1.1" 304 -
::1 - - [25/Apr/2026 22:44:14] "GET /assets/sg-phase8-7.jpeg HTTP/1.1" 304 -
::1 - - [25/Apr/2026 22:44:14] "GET /assets/sg-phase7.mp4 HTTP/1.1" 304 -
::1 - - [25/Apr/2026 22:45:44] "GET / HTTP/1.1" 200 -
::1 - - [25/Apr/2026 22:45:44] "GET /assets/sg-phase8-1.jpeg HTTP/1.1" 304 -
::1 - - [25/Apr/2026 22:45:44] "GET /assets/sg-phase8-2.jpeg HTTP/1.1" 304 -
::1 - - [25/Apr/2026 22:45:44] "GET /assets/sg-phase8-4.jpeg HTTP/1.1" 304 -
::1 - - [25/Apr/2026 22:45:44] "GET /assets/sg-phase8-5.jpeg HTTP/1.1" 304 -
::1 - - [25/Apr/2026 22:45:44] "GET /assets/sg-phase8-3.jpeg HTTP/1.1" 304 -
::1 - - [25/Apr/2026 22:45:44] "GET /assets/sg-phase8-6.jpeg HTTP/1.1" 304 -
::1 - - [25/Apr/2026 22:45:44] "GET /assets/sg-phase8-7.jpeg HTTP/1.1" 304 -
::1 - - [25/Apr/2026 22:50:44] "GET / HTTP/1.1" 200 -
::1 - - [25/Apr/2026 22:50:44] "GET /assets/sg-phase3.png HTTP/1.1" 304 -
::1 - - [25/Apr/2026 22:50:44] "GET /assets/sg-phase4-1.jpeg HTTP/1.1" 304 -
::1 - - [25/Apr/2026 22:50:44] "GET /assets/sg-phase4-2.jpeg HTTP/1.1" 304 -
::1 - - [25/Apr/2026 22:50:44] "GET /assets/sg-phase4-4.jpeg HTTP/1.1" 304 -
::1 - - [25/Apr/2026 22:50:44] "GET /assets/sg-phase4-3.jpeg HTTP/1.1" 304 -
::1 - - [25/Apr/2026 22:50:44] "GET /assets/sg-phase4-5.jpeg HTTP/1.1" 304 -
::1 - - [25/Apr/2026 22:50:44] "GET /assets/sg-phase5.jpeg HTTP/1.1" 304 -
::1 - - [25/Apr/2026 22:50:44] "GET /assets/sg-phase6.png HTTP/1.1" 304 -
::1 - - [25/Apr/2026 22:50:44] "GET /assets/sg-phase8-3.jpeg HTTP/1.1" 304 -
::1 - - [25/Apr/2026 22:50:44] "GET /assets/sg-phase8-4.jpeg HTTP/1.1" 304 -
::1 - - [25/Apr/2026 22:50:44] "GET /assets/sg-phase8-2.jpeg HTTP/1.1" 304 -
::1 - - [25/Apr/2026 22:50:44] "GET /assets/sg-phase8-1.jpeg HTTP/1.1" 304 -
::1 - - [25/Apr/2026 22:50:44] "GET /assets/sg-phase8-5.jpeg HTTP/1.1" 304 -
::1 - - [25/Apr/2026 22:50:44] "GET /assets/sg-phase8-6.jpeg HTTP/1.1" 304 -
::1 - - [25/Apr/2026 22:50:44] "GET /assets/sg-phase8-7.jpeg HTTP/1.1" 304 -
::1 - - [25/Apr/2026 22:50:44] "GET /assets/sg-phase7.mp4 HTTP/1.1" 304 -
::1 - - [25/Apr/2026 22:52:40] "GET / HTTP/1.1" 200 -
::1 - - [25/Apr/2026 22:52:40] "GET /assets/sg-phase8-4.jpeg HTTP/1.1" 304 -
::1 - - [25/Apr/2026 22:52:40] "GET /assets/sg-phase8-3.jpeg HTTP/1.1" 304 -
::1 - - [25/Apr/2026 22:52:40] "GET /assets/sg-phase8-1.jpeg HTTP/1.1" 304 -
::1 - - [25/Apr/2026 22:52:40] "GET /assets/sg-phase8-2.jpeg HTTP/1.1" 304 -
::1 - - [25/Apr/2026 22:52:40] "GET /assets/sg-phase8-5.jpeg HTTP/1.1" 304 -
::1 - - [25/Apr/2026 22:52:40] "GET /assets/sg-phase8-6.jpeg HTTP/1.1" 304 -
::1 - - [25/Apr/2026 22:52:40] "GET /assets/sg-phase8-7.jpeg HTTP/1.1" 304 -
::1 - - [25/Apr/2026 22:52:40] "GET /assets/favicon.png HTTP/1.1" 200 -
::1 - - [25/Apr/2026 22:52:45] "GET / HTTP/1.1" 200 -
::1 - - [25/Apr/2026 22:52:45] "GET /assets/dervon-logo.png HTTP/1.1" 200 -
::1 - - [25/Apr/2026 22:52:45] "GET /assets/hero-b2b.png HTTP/1.1" 200 -
::1 - - [25/Apr/2026 22:52:45] "GET /assets/proof2.png HTTP/1.1" 200 -
::1 - - [25/Apr/2026 22:52:45] "GET /assets/proof1.png HTTP/1.1" 200 -
::1 - - [25/Apr/2026 22:52:45] "GET /assets/proof4.png HTTP/1.1" 200 -
::1 - - [25/Apr/2026 22:52:45] "GET /assets/proof3.png HTTP/1.1" 200 -
::1 - - [25/Apr/2026 22:52:45] "GET /assets/proof5.png HTTP/1.1" 200 -
::1 - - [25/Apr/2026 22:52:45] "GET /assets/proof6.png HTTP/1.1" 200 -
::1 - - [25/Apr/2026 22:52:45] "GET /assets/proof8.png HTTP/1.1" 200 -
::1 - - [25/Apr/2026 22:52:45] "GET /assets/sg-phase3.png HTTP/1.1" 200 -
::1 - - [25/Apr/2026 22:52:45] "GET /assets/proof7.png HTTP/1.1" 200 -
::1 - - [25/Apr/2026 22:52:45] "GET /assets/sg-phase1.jpeg HTTP/1.1" 200 -
::1 - - [25/Apr/2026 22:52:45] "GET /assets/sg-phase4-1.jpeg HTTP/1.1" 200 -
::1 - - [25/Apr/2026 22:52:45] "GET /assets/sg-phase4-2.jpeg HTTP/1.1" 200 -
::1 - - [25/Apr/2026 22:52:45] "GET /assets/sg-phase4-3.jpeg HTTP/1.1" 200 -
::1 - - [25/Apr/2026 22:52:45] "GET /assets/sg-phase4-4.jpeg HTTP/1.1" 200 -
::1 - - [25/Apr/2026 22:52:45] "GET /assets/sg-phase4-5.jpeg HTTP/1.1" 200 -
::1 - - [25/Apr/2026 22:52:45] "GET /assets/sg-phase5.jpeg HTTP/1.1" 200 -
::1 - - [25/Apr/2026 22:52:45] "GET /assets/sg-phase6.png HTTP/1.1" 200 -
::1 - - [25/Apr/2026 22:52:45] "GET /assets/sg-phase8-1.jpeg HTTP/1.1" 200 -
::1 - - [25/Apr/2026 22:52:45] "GET /assets/sg-phase8-2.jpeg HTTP/1.1" 200 -
::1 - - [25/Apr/2026 22:52:45] "GET /assets/sg-phase8-3.jpeg HTTP/1.1" 200 -
::1 - - [25/Apr/2026 22:52:45] "GET /assets/sg-phase8-4.jpeg HTTP/1.1" 200 -
::1 - - [25/Apr/2026 22:52:45] "GET /assets/sg-phase8-5.jpeg HTTP/1.1" 200 -
::1 - - [25/Apr/2026 22:52:45] "GET /assets/sg-phase8-6.jpeg HTTP/1.1" 200 -
::1 - - [25/Apr/2026 22:52:45] "GET /assets/sg-phase8-7.jpeg HTTP/1.1" 200 -
::1 - - [25/Apr/2026 22:52:45] "GET /assets/growth_infographic.png HTTP/1.1" 200 -
::1 - - [25/Apr/2026 22:52:45] "GET /assets/m2.svg HTTP/1.1" 200 -
::1 - - [25/Apr/2026 22:52:45] "GET /assets/m1.svg HTTP/1.1" 200 -
::1 - - [25/Apr/2026 22:52:45] "GET /assets/m5.svg HTTP/1.1" 200 -
::1 - - [25/Apr/2026 22:52:45] "GET /assets/m3.svg HTTP/1.1" 200 -
::1 - - [25/Apr/2026 22:52:45] "GET /assets/m6.svg HTTP/1.1" 200 -
::1 - - [25/Apr/2026 22:52:45] "GET /assets/m4.svg HTTP/1.1" 200 -
::1 - - [25/Apr/2026 22:52:45] "GET /assets/m7.svg HTTP/1.1" 200 -
::1 - - [25/Apr/2026 22:52:45] "GET /assets/b1.svg HTTP/1.1" 200 -
::1 - - [25/Apr/2026 22:52:45] "GET /assets/b3.svg HTTP/1.1" 200 -
::1 - - [25/Apr/2026 22:52:45] "GET /assets/b2.svg HTTP/1.1" 200 -
::1 - - [25/Apr/2026 22:52:45] "GET /assets/aquacomfort.png HTTP/1.1" 200 -
::1 - - [25/Apr/2026 22:52:45] "GET /assets/b4.svg HTTP/1.1" 200 -
::1 - - [25/Apr/2026 22:52:45] "GET /assets/prozone.png HTTP/1.1" 200 -
::1 - - [25/Apr/2026 22:52:45] "GET /assets/selfynity.png HTTP/1.1" 200 -
::1 - - [25/Apr/2026 22:52:45] "GET /assets/pl2.png HTTP/1.1" 200 -
::1 - - [25/Apr/2026 22:52:45] "GET /assets/pl3.png HTTP/1.1" 200 -
::1 - - [25/Apr/2026 22:52:45] "GET /assets/pl4.png HTTP/1.1" 200 -
::1 - - [25/Apr/2026 22:52:45] "GET /assets/sg-phase7.mp4 HTTP/1.1" 200 -
::1 - - [25/Apr/2026 22:52:46] "GET /assets/bg-partnership.png HTTP/1.1" 200 -
::1 - - [25/Apr/2026 22:52:47] "GET /favicon.png HTTP/1.1" 200 -
::1 - - [25/Apr/2026 22:55:07] "GET / HTTP/1.1" 200 -
::1 - - [25/Apr/2026 22:55:07] "GET /assets/sg-phase8-2.jpeg HTTP/1.1" 304 -
::1 - - [25/Apr/2026 22:55:07] "GET /assets/sg-phase8-1.jpeg HTTP/1.1" 304 -
::1 - - [25/Apr/2026 22:55:07] "GET /assets/sg-phase8-3.jpeg HTTP/1.1" 304 -
::1 - - [25/Apr/2026 22:55:07] "GET /assets/sg-phase8-4.jpeg HTTP/1.1" 304 -
::1 - - [25/Apr/2026 22:55:07] "GET /assets/sg-phase8-5.jpeg HTTP/1.1" 304 -
::1 - - [25/Apr/2026 22:55:07] "GET /assets/sg-phase8-6.jpeg HTTP/1.1" 304 -
::1 - - [25/Apr/2026 22:55:07] "GET /assets/sg-phase8-7.jpeg HTTP/1.1" 304 -
::1 - - [25/Apr/2026 22:55:07] "GET /assets/dervon-icon-v2.png HTTP/1.1" 200 -
::1 - - [25/Apr/2026 22:55:11] "GET / HTTP/1.1" 200 -
::1 - - [25/Apr/2026 22:55:11] "GET /assets/dervon-logo.png HTTP/1.1" 200 -
::1 - - [25/Apr/2026 22:55:11] "GET /assets/hero-b2b.png HTTP/1.1" 200 -
::1 - - [25/Apr/2026 22:55:11] "GET /assets/proof1.png HTTP/1.1" 200 -
::1 - - [25/Apr/2026 22:55:11] "GET /assets/proof3.png HTTP/1.1" 200 -
::1 - - [25/Apr/2026 22:55:11] "GET /assets/proof2.png HTTP/1.1" 200 -
::1 - - [25/Apr/2026 22:55:11] "GET /assets/proof4.png HTTP/1.1" 200 -
::1 - - [25/Apr/2026 22:55:11] "GET /assets/proof5.png HTTP/1.1" 200 -
::1 - - [25/Apr/2026 22:55:11] "GET /assets/proof6.png HTTP/1.1" 200 -
::1 - - [25/Apr/2026 22:55:11] "GET /assets/proof7.png HTTP/1.1" 200 -
::1 - - [25/Apr/2026 22:55:11] "GET /assets/proof8.png HTTP/1.1" 200 -
::1 - - [25/Apr/2026 22:55:11] "GET /assets/sg-phase3.png HTTP/1.1" 200 -
::1 - - [25/Apr/2026 22:55:11] "GET /assets/sg-phase4-1.jpeg HTTP/1.1" 200 -
::1 - - [25/Apr/2026 22:55:11] "GET /assets/sg-phase1.jpeg HTTP/1.1" 200 -
::1 - - [25/Apr/2026 22:55:11] "GET /assets/sg-phase4-2.jpeg HTTP/1.1" 200 -
::1 - - [25/Apr/2026 22:55:11] "GET /assets/sg-phase4-3.jpeg HTTP/1.1" 200 -
::1 - - [25/Apr/2026 22:55:11] "GET /assets/sg-phase4-4.jpeg HTTP/1.1" 200 -
::1 - - [25/Apr/2026 22:55:11] "GET /assets/sg-phase5.jpeg HTTP/1.1" 200 -
::1 - - [25/Apr/2026 22:55:11] "GET /assets/sg-phase4-5.jpeg HTTP/1.1" 200 -
::1 - - [25/Apr/2026 22:55:11] "GET /assets/sg-phase6.png HTTP/1.1" 200 -
::1 - - [25/Apr/2026 22:55:11] "GET /assets/sg-phase8-1.jpeg HTTP/1.1" 200 -
::1 - - [25/Apr/2026 22:55:11] "GET /assets/sg-phase8-2.jpeg HTTP/1.1" 200 -
::1 - - [25/Apr/2026 22:55:11] "GET /assets/sg-phase8-3.jpeg HTTP/1.1" 200 -
::1 - - [25/Apr/2026 22:55:11] "GET /assets/sg-phase8-4.jpeg HTTP/1.1" 200 -
::1 - - [25/Apr/2026 22:55:11] "GET /assets/sg-phase8-5.jpeg HTTP/1.1" 200 -
::1 - - [25/Apr/2026 22:55:11] "GET /assets/sg-phase8-6.jpeg HTTP/1.1" 200 -
::1 - - [25/Apr/2026 22:55:11] "GET /assets/sg-phase8-7.jpeg HTTP/1.1" 200 -
::1 - - [25/Apr/2026 22:55:11] "GET /assets/growth_infographic.png HTTP/1.1" 200 -
::1 - - [25/Apr/2026 22:55:11] "GET /assets/m1.svg HTTP/1.1" 200 -
::1 - - [25/Apr/2026 22:55:11] "GET /assets/m5.svg HTTP/1.1" 200 -
::1 - - [25/Apr/2026 22:55:11] "GET /assets/m2.svg HTTP/1.1" 200 -
::1 - - [25/Apr/2026 22:55:11] "GET /assets/m3.svg HTTP/1.1" 200 -
::1 - - [25/Apr/2026 22:55:11] "GET /assets/m6.svg HTTP/1.1" 200 -
::1 - - [25/Apr/2026 22:55:11] "GET /assets/m4.svg HTTP/1.1" 200 -
::1 - - [25/Apr/2026 22:55:11] "GET /assets/m7.svg HTTP/1.1" 200 -
::1 - - [25/Apr/2026 22:55:11] "GET /assets/b1.svg HTTP/1.1" 200 -
::1 - - [25/Apr/2026 22:55:11] "GET /assets/b2.svg HTTP/1.1" 200 -
::1 - - [25/Apr/2026 22:55:11] "GET /assets/b3.svg HTTP/1.1" 200 -
::1 - - [25/Apr/2026 22:55:11] "GET /assets/b4.svg HTTP/1.1" 200 -
::1 - - [25/Apr/2026 22:55:11] "GET /assets/prozone.png HTTP/1.1" 200 -
::1 - - [25/Apr/2026 22:55:11] "GET /assets/aquacomfort.png HTTP/1.1" 200 -
::1 - - [25/Apr/2026 22:55:11] "GET /assets/selfynity.png HTTP/1.1" 200 -
::1 - - [25/Apr/2026 22:55:11] "GET /assets/pl2.png HTTP/1.1" 200 -
::1 - - [25/Apr/2026 22:55:11] "GET /assets/pl4.png HTTP/1.1" 200 -
::1 - - [25/Apr/2026 22:55:11] "GET /assets/pl3.png HTTP/1.1" 200 -
::1 - - [25/Apr/2026 22:55:11] "GET /assets/sg-phase7.mp4 HTTP/1.1" 200 -
::1 - - [25/Apr/2026 22:55:12] "GET /assets/bg-partnership.png HTTP/1.1" 200 -
::1 - - [25/Apr/2026 22:55:12] "GET /favicon.png HTTP/1.1" 200 -
::1 - - [25/Apr/2026 22:55:12] "GET /assets/dervon-icon-v2.png HTTP/1.1" 304 -
::1 - - [25/Apr/2026 22:56:53] "GET / HTTP/1.1" 200 -
::1 - - [25/Apr/2026 22:56:53] "GET /assets/dervon-icon-v2.png HTTP/1.1" 304 -
::1 - - [25/Apr/2026 22:56:54] "GET / HTTP/1.1" 304 -
::1 - - [25/Apr/2026 22:57:51] "GET / HTTP/1.1" 200 -
::1 - - [25/Apr/2026 22:57:51] "GET /assets/dervon-icon-v2.png HTTP/1.1" 304 -
::1 - - [25/Apr/2026 22:57:51] "GET /assets/sg-phase8-6.jpeg HTTP/1.1" 304 -
::1 - - [25/Apr/2026 22:57:51] "GET /assets/sg-phase8-1.jpeg HTTP/1.1" 304 -
::1 - - [25/Apr/2026 22:57:51] "GET /assets/sg-phase8-3.jpeg HTTP/1.1" 304 -
::1 - - [25/Apr/2026 22:57:51] "GET /assets/sg-phase8-2.jpeg HTTP/1.1" 304 -
::1 - - [25/Apr/2026 22:57:51] "GET /assets/sg-phase8-4.jpeg HTTP/1.1" 304 -
::1 - - [25/Apr/2026 22:57:51] "GET /assets/sg-phase8-5.jpeg HTTP/1.1" 304 -
::1 - - [25/Apr/2026 22:57:51] "GET /assets/sg-phase8-7.jpeg HTTP/1.1" 304 -
::1 - - [25/Apr/2026 22:59:02] "GET / HTTP/1.1" 200 -
::1 - - [25/Apr/2026 22:59:02] "GET /assets/dervon-icon-v2.png HTTP/1.1" 304 -
::1 - - [25/Apr/2026 22:59:02] "GET /assets/sg-phase6.png HTTP/1.1" 304 -
::1 - - [25/Apr/2026 22:59:02] "GET /assets/sg-phase7.mp4 HTTP/1.1" 304 -
::1 - - [25/Apr/2026 22:59:03] "GET / HTTP/1.1" 304 -
::1 - - [25/Apr/2026 22:59:04] "GET / HTTP/1.1" 304 -
::1 - - [25/Apr/2026 22:59:04] "GET / HTTP/1.1" 304 -
::1 - - [25/Apr/2026 22:59:24] "GET / HTTP/1.1" 200 -
::1 - - [25/Apr/2026 22:59:24] "GET /assets/sg-phase5.jpeg HTTP/1.1" 304 -
::1 - - [25/Apr/2026 22:59:25] "GET /assets/dervon-icon-v2.png?v=3 HTTP/1.1" 200 -
::1 - - [25/Apr/2026 23:17:17] "GET / HTTP/1.1" 200 -
::1 - - [25/Apr/2026 23:17:17] "GET /assets/sg-phase1.jpeg HTTP/1.1" 304 -
::1 - - [25/Apr/2026 23:17:17] "GET /assets/sg-phase3.png HTTP/1.1" 304 -
::1 - - [25/Apr/2026 23:17:17] "GET /assets/sg-phase4-2.jpeg HTTP/1.1" 304 -
::1 - - [25/Apr/2026 23:17:17] "GET /assets/sg-phase4-1.jpeg HTTP/1.1" 304 -
::1 - - [25/Apr/2026 23:17:17] "GET /assets/sg-phase4-4.jpeg HTTP/1.1" 304 -
::1 - - [25/Apr/2026 23:17:17] "GET /assets/sg-phase4-3.jpeg HTTP/1.1" 304 -
::1 - - [25/Apr/2026 23:17:17] "GET /assets/sg-phase4-5.jpeg HTTP/1.1" 304 -
::1 - - [25/Apr/2026 23:17:17] "GET /assets/sg-phase5.jpeg HTTP/1.1" 304 -
::1 - - [25/Apr/2026 23:17:17] "GET /assets/sg-phase6.png HTTP/1.1" 304 -
::1 - - [25/Apr/2026 23:17:17] "GET /assets/sg-phase8-2.jpeg HTTP/1.1" 304 -
::1 - - [25/Apr/2026 23:17:17] "GET /assets/sg-phase8-3.jpeg HTTP/1.1" 304 -
::1 - - [25/Apr/2026 23:17:17] "GET /assets/sg-phase8-1.jpeg HTTP/1.1" 304 -
::1 - - [25/Apr/2026 23:17:17] "GET /assets/sg-phase8-4.jpeg HTTP/1.1" 304 -
::1 - - [25/Apr/2026 23:17:17] "GET /assets/sg-phase8-5.jpeg HTTP/1.1" 304 -
::1 - - [25/Apr/2026 23:17:17] "GET /assets/sg-phase8-6.jpeg HTTP/1.1" 304 -
::1 - - [25/Apr/2026 23:17:17] "GET /assets/sg-phase8-7.jpeg HTTP/1.1" 304 -
::1 - - [25/Apr/2026 23:17:17] "GET /assets/sg-phase7.mp4 HTTP/1.1" 304 -
::1 - - [25/Apr/2026 23:17:17] "GET /assets/dervon-icon-v2.png?v=3 HTTP/1.1" 304 -
::1 - - [26/Apr/2026 00:08:37] "GET / HTTP/1.1" 304 -
::1 - - [26/Apr/2026 00:08:37] "GET /assets/sg-phase1.jpeg HTTP/1.1" 304 -
::1 - - [26/Apr/2026 00:08:37] "GET /assets/sg-phase3.png HTTP/1.1" 304 -
::1 - - [26/Apr/2026 00:08:37] "GET /assets/sg-phase4-1.jpeg HTTP/1.1" 304 -
::1 - - [26/Apr/2026 00:08:37] "GET /assets/sg-phase4-2.jpeg HTTP/1.1" 304 -
::1 - - [26/Apr/2026 00:08:37] "GET /assets/sg-phase4-3.jpeg HTTP/1.1" 304 -
::1 - - [26/Apr/2026 00:08:37] "GET /assets/sg-phase4-4.jpeg HTTP/1.1" 304 -
::1 - - [26/Apr/2026 00:08:37] "GET /assets/sg-phase4-5.jpeg HTTP/1.1" 304 -
::1 - - [26/Apr/2026 00:08:37] "GET /assets/sg-phase5.jpeg HTTP/1.1" 304 -
::1 - - [26/Apr/2026 00:08:37] "GET /assets/sg-phase6.png HTTP/1.1" 304 -
::1 - - [26/Apr/2026 00:08:37] "GET /assets/sg-phase8-2.jpeg HTTP/1.1" 304 -
::1 - - [26/Apr/2026 00:08:37] "GET /assets/sg-phase8-1.jpeg HTTP/1.1" 304 -
::1 - - [26/Apr/2026 00:08:37] "GET /assets/sg-phase8-3.jpeg HTTP/1.1" 304 -
::1 - - [26/Apr/2026 00:08:37] "GET /assets/sg-phase8-4.jpeg HTTP/1.1" 304 -
::1 - - [26/Apr/2026 00:08:37] "GET /assets/sg-phase8-5.jpeg HTTP/1.1" 304 -
::1 - - [26/Apr/2026 00:08:37] "GET /assets/sg-phase8-6.jpeg HTTP/1.1" 304 -
::1 - - [26/Apr/2026 00:08:37] "GET /assets/sg-phase8-7.jpeg HTTP/1.1" 304 -
::1 - - [26/Apr/2026 00:08:37] "GET /assets/sg-phase7.mp4 HTTP/1.1" 304 -
::1 - - [26/Apr/2026 00:08:37] "GET /assets/dervon-icon-v2.png?v=3 HTTP/1.1" 304 -
::1 - - [26/Apr/2026 00:10:55] "GET / HTTP/1.1" 200 -
::1 - - [26/Apr/2026 00:10:55] "GET /assets/dervon-icon-v3.png HTTP/1.1" 200 -
::1 - - [26/Apr/2026 00:10:58] "GET / HTTP/1.1" 200 -
::1 - - [26/Apr/2026 00:10:58] "GET /assets/dervon-logo.png HTTP/1.1" 200 -
::1 - - [26/Apr/2026 00:10:58] "GET /assets/proof1.png HTTP/1.1" 200 -
::1 - - [26/Apr/2026 00:10:58] "GET /assets/proof2.png HTTP/1.1" 200 -
::1 - - [26/Apr/2026 00:10:58] "GET /assets/proof3.png HTTP/1.1" 200 -
::1 - - [26/Apr/2026 00:10:58] "GET /assets/hero-b2b.png HTTP/1.1" 200 -
::1 - - [26/Apr/2026 00:10:58] "GET /assets/proof4.png HTTP/1.1" 200 -
::1 - - [26/Apr/2026 00:10:58] "GET /assets/proof5.png HTTP/1.1" 200 -
::1 - - [26/Apr/2026 00:10:58] "GET /assets/proof6.png HTTP/1.1" 200 -
::1 - - [26/Apr/2026 00:10:58] "GET /assets/proof7.png HTTP/1.1" 200 -
::1 - - [26/Apr/2026 00:10:58] "GET /assets/proof8.png HTTP/1.1" 200 -
::1 - - [26/Apr/2026 00:10:58] "GET /assets/sg-phase1.jpeg HTTP/1.1" 200 -
::1 - - [26/Apr/2026 00:10:58] "GET /assets/sg-phase3.png HTTP/1.1" 200 -
::1 - - [26/Apr/2026 00:10:58] "GET /assets/sg-phase4-1.jpeg HTTP/1.1" 200 -
::1 - - [26/Apr/2026 00:10:58] "GET /assets/sg-phase4-2.jpeg HTTP/1.1" 200 -
::1 - - [26/Apr/2026 00:10:58] "GET /assets/sg-phase4-3.jpeg HTTP/1.1" 200 -
::1 - - [26/Apr/2026 00:10:58] "GET /assets/sg-phase4-4.jpeg HTTP/1.1" 200 -
::1 - - [26/Apr/2026 00:10:58] "GET /assets/sg-phase4-5.jpeg HTTP/1.1" 200 -
::1 - - [26/Apr/2026 00:10:58] "GET /assets/sg-phase5.jpeg HTTP/1.1" 200 -
::1 - - [26/Apr/2026 00:10:58] "GET /assets/sg-phase6.png HTTP/1.1" 200 -
::1 - - [26/Apr/2026 00:10:58] "GET /assets/sg-phase8-1.jpeg HTTP/1.1" 200 -
::1 - - [26/Apr/2026 00:10:58] "GET /assets/sg-phase8-2.jpeg HTTP/1.1" 200 -
::1 - - [26/Apr/2026 00:10:58] "GET /assets/sg-phase8-3.jpeg HTTP/1.1" 200 -
::1 - - [26/Apr/2026 00:10:58] "GET /assets/sg-phase8-5.jpeg HTTP/1.1" 200 -
::1 - - [26/Apr/2026 00:10:58] "GET /assets/sg-phase8-4.jpeg HTTP/1.1" 200 -
::1 - - [26/Apr/2026 00:10:58] "GET /assets/sg-phase8-6.jpeg HTTP/1.1" 200 -
::1 - - [26/Apr/2026 00:10:58] "GET /assets/sg-phase8-7.jpeg HTTP/1.1" 200 -
::1 - - [26/Apr/2026 00:10:58] "GET /assets/growth_infographic.png HTTP/1.1" 200 -
::1 - - [26/Apr/2026 00:10:58] "GET /assets/m1.svg HTTP/1.1" 200 -
::1 - - [26/Apr/2026 00:10:58] "GET /assets/m2.svg HTTP/1.1" 200 -
::1 - - [26/Apr/2026 00:10:58] "GET /assets/m5.svg HTTP/1.1" 200 -
::1 - - [26/Apr/2026 00:10:58] "GET /assets/m3.svg HTTP/1.1" 200 -
::1 - - [26/Apr/2026 00:10:58] "GET /assets/m4.svg HTTP/1.1" 200 -
::1 - - [26/Apr/2026 00:10:58] "GET /assets/m6.svg HTTP/1.1" 200 -
::1 - - [26/Apr/2026 00:10:58] "GET /assets/m7.svg HTTP/1.1" 200 -
::1 - - [26/Apr/2026 00:10:58] "GET /assets/b1.svg HTTP/1.1" 200 -
::1 - - [26/Apr/2026 00:10:58] "GET /assets/b2.svg HTTP/1.1" 200 -
::1 - - [26/Apr/2026 00:10:58] "GET /assets/b3.svg HTTP/1.1" 200 -
::1 - - [26/Apr/2026 00:10:58] "GET /assets/prozone.png HTTP/1.1" 200 -
::1 - - [26/Apr/2026 00:10:58] "GET /assets/selfynity.png HTTP/1.1" 200 -
::1 - - [26/Apr/2026 00:10:58] "GET /assets/b4.svg HTTP/1.1" 200 -
::1 - - [26/Apr/2026 00:10:58] "GET /assets/aquacomfort.png HTTP/1.1" 200 -
::1 - - [26/Apr/2026 00:10:58] "GET /assets/pl3.png HTTP/1.1" 200 -
::1 - - [26/Apr/2026 00:10:58] "GET /assets/pl2.png HTTP/1.1" 200 -
::1 - - [26/Apr/2026 00:10:58] "GET /assets/sg-phase7.mp4 HTTP/1.1" 200 -
::1 - - [26/Apr/2026 00:10:58] "GET /assets/pl4.png HTTP/1.1" 200 -
::1 - - [26/Apr/2026 00:10:58] "GET /assets/bg-partnership.png HTTP/1.1" 200 -
::1 - - [26/Apr/2026 00:10:59] "GET /favicon.png HTTP/1.1" 200 -
::1 - - [26/Apr/2026 00:35:16] "GET / HTTP/1.1" 200 -
::1 - - [26/Apr/2026 00:35:16] "GET /assets/dervon-icon-v3.png HTTP/1.1" 304 -
::1 - - [26/Apr/2026 00:35:16] "GET /assets/sg-phase3.png HTTP/1.1" 304 -
::1 - - [26/Apr/2026 00:35:16] "GET /assets/sg-phase4-1.jpeg HTTP/1.1" 304 -
::1 - - [26/Apr/2026 00:35:16] "GET /assets/sg-phase4-2.jpeg HTTP/1.1" 304 -
::1 - - [26/Apr/2026 00:35:16] "GET /assets/sg-phase4-3.jpeg HTTP/1.1" 304 -
::1 - - [26/Apr/2026 00:35:16] "GET /assets/sg-phase4-4.jpeg HTTP/1.1" 304 -
::1 - - [26/Apr/2026 00:35:16] "GET /assets/sg-phase4-5.jpeg HTTP/1.1" 304 -
::1 - - [26/Apr/2026 00:35:16] "GET /assets/sg-phase5.jpeg HTTP/1.1" 304 -
::1 - - [26/Apr/2026 00:35:16] "GET /assets/sg-phase6.png HTTP/1.1" 304 -
::1 - - [26/Apr/2026 00:35:16] "GET /assets/sg-phase8-2.jpeg HTTP/1.1" 304 -
::1 - - [26/Apr/2026 00:35:16] "GET /assets/sg-phase8-1.jpeg HTTP/1.1" 304 -
::1 - - [26/Apr/2026 00:35:16] "GET /assets/sg-phase8-3.jpeg HTTP/1.1" 304 -
::1 - - [26/Apr/2026 00:35:16] "GET /assets/sg-phase8-4.jpeg HTTP/1.1" 304 -
::1 - - [26/Apr/2026 00:35:16] "GET /assets/sg-phase8-5.jpeg HTTP/1.1" 304 -
::1 - - [26/Apr/2026 00:35:16] "GET /assets/sg-phase8-6.jpeg HTTP/1.1" 304 -
::1 - - [26/Apr/2026 00:35:16] "GET /assets/sg-phase8-7.jpeg HTTP/1.1" 304 -
::1 - - [26/Apr/2026 00:35:16] "GET /assets/sg-phase7.mp4 HTTP/1.1" 304 -
::1 - - [26/Apr/2026 01:19:08] "GET / HTTP/1.1" 200 -
::1 - - [26/Apr/2026 01:19:08] "GET /assets/dervon-icon-v3.png HTTP/1.1" 304 -
::1 - - [26/Apr/2026 01:19:08] "GET /assets/sg-phase1.jpeg HTTP/1.1" 304 -
::1 - - [26/Apr/2026 01:19:08] "GET /assets/sg-phase3.png HTTP/1.1" 304 -
::1 - - [26/Apr/2026 01:19:08] "GET /assets/sg-phase4-1.jpeg HTTP/1.1" 304 -
::1 - - [26/Apr/2026 01:19:08] "GET /assets/sg-phase4-4.jpeg HTTP/1.1" 304 -
::1 - - [26/Apr/2026 01:19:08] "GET /assets/sg-phase4-3.jpeg HTTP/1.1" 304 -
::1 - - [26/Apr/2026 01:19:08] "GET /assets/sg-phase4-2.jpeg HTTP/1.1" 304 -
::1 - - [26/Apr/2026 01:19:08] "GET /assets/sg-phase4-5.jpeg HTTP/1.1" 304 -
::1 - - [26/Apr/2026 01:19:08] "GET /assets/sg-phase5.jpeg HTTP/1.1" 304 -
::1 - - [26/Apr/2026 01:19:08] "GET /assets/sg-phase6.png HTTP/1.1" 304 -
::1 - - [26/Apr/2026 01:19:08] "GET /assets/sg-phase8-1.jpeg HTTP/1.1" 304 -
::1 - - [26/Apr/2026 01:19:08] "GET /assets/sg-phase8-2.jpeg HTTP/1.1" 304 -
::1 - - [26/Apr/2026 01:19:08] "GET /assets/sg-phase8-3.jpeg HTTP/1.1" 304 -
::1 - - [26/Apr/2026 01:19:08] "GET /assets/sg-phase8-4.jpeg HTTP/1.1" 304 -
::1 - - [26/Apr/2026 01:19:08] "GET /assets/sg-phase8-5.jpeg HTTP/1.1" 304 -
::1 - - [26/Apr/2026 01:19:08] "GET /assets/sg-phase8-6.jpeg HTTP/1.1" 304 -
::1 - - [26/Apr/2026 01:19:08] "GET /assets/sg-phase8-7.jpeg HTTP/1.1" 304 -
::1 - - [26/Apr/2026 01:19:08] "GET /assets/sg-phase7.mp4 HTTP/1.1" 304 -
::1 - - [26/Apr/2026 01:46:04] "GET / HTTP/1.1" 200 -
::1 - - [26/Apr/2026 01:46:04] "GET /assets/dervon-icon-v3.png HTTP/1.1" 304 -
::1 - - [26/Apr/2026 01:46:04] "GET /assets/sg-phase3.png HTTP/1.1" 304 -
::1 - - [26/Apr/2026 01:46:04] "GET /assets/sg-phase4-1.jpeg HTTP/1.1" 304 -
::1 - - [26/Apr/2026 01:46:04] "GET /assets/sg-phase4-2.jpeg HTTP/1.1" 304 -
::1 - - [26/Apr/2026 01:46:04] "GET /assets/sg-phase4-3.jpeg HTTP/1.1" 304 -
::1 - - [26/Apr/2026 01:46:04] "GET /assets/sg-phase4-4.jpeg HTTP/1.1" 304 -
::1 - - [26/Apr/2026 01:46:04] "GET /assets/sg-phase4-5.jpeg HTTP/1.1" 304 -
::1 - - [26/Apr/2026 01:46:04] "GET /assets/sg-phase5.jpeg HTTP/1.1" 304 -
::1 - - [26/Apr/2026 01:46:04] "GET /assets/sg-phase6.png HTTP/1.1" 304 -
::1 - - [26/Apr/2026 01:46:04] "GET /assets/sg-phase8-1.jpeg HTTP/1.1" 304 -
::1 - - [26/Apr/2026 01:46:04] "GET /assets/sg-phase8-2.jpeg HTTP/1.1" 304 -
::1 - - [26/Apr/2026 01:46:04] "GET /assets/sg-phase8-3.jpeg HTTP/1.1" 304 -
::1 - - [26/Apr/2026 01:46:04] "GET /assets/sg-phase8-4.jpeg HTTP/1.1" 304 -
::1 - - [26/Apr/2026 01:46:04] "GET /assets/sg-phase8-5.jpeg HTTP/1.1" 304 -
::1 - - [26/Apr/2026 01:46:04] "GET /assets/sg-phase8-6.jpeg HTTP/1.1" 304 -
::1 - - [26/Apr/2026 01:46:04] "GET /assets/sg-phase8-7.jpeg HTTP/1.1" 304 -
::1 - - [26/Apr/2026 01:46:04] "GET /assets/sg-phase7.mp4 HTTP/1.1" 304 -
::1 - - [26/Apr/2026 02:34:41] "GET /assets/sg-phase7.mp4 HTTP/1.1" 304 -
::1 - - [26/Apr/2026 02:37:18] "GET / HTTP/1.1" 200 -
::1 - - [26/Apr/2026 02:37:18] "GET /assets/sg-phase4-2.jpeg HTTP/1.1" 304 -
::1 - - [26/Apr/2026 02:37:18] "GET /assets/sg-phase1.jpeg HTTP/1.1" 304 -
::1 - - [26/Apr/2026 02:37:18] "GET /assets/sg-phase3.png HTTP/1.1" 304 -
::1 - - [26/Apr/2026 02:37:18] "GET /assets/sg-phase4-1.jpeg HTTP/1.1" 304 -
::1 - - [26/Apr/2026 02:37:18] "GET /assets/sg-phase4-3.jpeg HTTP/1.1" 304 -
::1 - - [26/Apr/2026 02:37:18] "GET /assets/sg-phase4-4.jpeg HTTP/1.1" 304 -
::1 - - [26/Apr/2026 02:37:18] "GET /assets/sg-phase4-5.jpeg HTTP/1.1" 304 -
::1 - - [26/Apr/2026 02:37:18] "GET /assets/sg-phase5.jpeg HTTP/1.1" 304 -
::1 - - [26/Apr/2026 02:37:18] "GET /assets/sg-phase8-2.jpeg HTTP/1.1" 304 -
::1 - - [26/Apr/2026 02:37:18] "GET /assets/sg-phase6.png HTTP/1.1" 304 -
::1 - - [26/Apr/2026 02:37:18] "GET /assets/sg-phase8-1.jpeg HTTP/1.1" 304 -
::1 - - [26/Apr/2026 02:37:18] "GET /assets/sg-phase8-3.jpeg HTTP/1.1" 304 -
::1 - - [26/Apr/2026 02:37:18] "GET /assets/sg-phase8-4.jpeg HTTP/1.1" 304 -
::1 - - [26/Apr/2026 02:37:19] "GET /assets/sg-phase8-5.jpeg HTTP/1.1" 304 -
::1 - - [26/Apr/2026 02:37:19] "GET /assets/sg-phase8-6.jpeg HTTP/1.1" 304 -
::1 - - [26/Apr/2026 02:37:19] "GET /assets/sg-phase8-7.jpeg HTTP/1.1" 304 -
::1 - - [26/Apr/2026 02:37:19] "GET /assets/dervon-icon-premium.svg HTTP/1.1" 200 -
::1 - - [26/Apr/2026 02:37:19] "GET /assets/dervon-icon-v3.png HTTP/1.1" 304 -
::1 - - [26/Apr/2026 02:56:15] "GET / HTTP/1.1" 304 -
::1 - - [26/Apr/2026 02:56:15] "GET /assets/dervon-icon-premium.svg HTTP/1.1" 304 -
::1 - - [26/Apr/2026 02:56:15] "GET /assets/dervon-icon-v3.png HTTP/1.1" 304 -
::1 - - [26/Apr/2026 03:27:58] "GET /assets/sg-phase7.mp4 HTTP/1.1" 304 -
::1 - - [26/Apr/2026 03:33:16] "GET / HTTP/1.1" 304 -
::1 - - [26/Apr/2026 03:33:16] "GET /assets/sg-phase1.jpeg HTTP/1.1" 304 -
::1 - - [26/Apr/2026 03:33:16] "GET /assets/sg-phase3.png HTTP/1.1" 304 -
::1 - - [26/Apr/2026 03:33:16] "GET /assets/sg-phase4-1.jpeg HTTP/1.1" 304 -
::1 - - [26/Apr/2026 03:33:16] "GET /assets/sg-phase4-2.jpeg HTTP/1.1" 304 -
::1 - - [26/Apr/2026 03:33:16] "GET /assets/sg-phase4-5.jpeg HTTP/1.1" 304 -
::1 - - [26/Apr/2026 03:33:16] "GET /assets/sg-phase4-3.jpeg HTTP/1.1" 304 -
::1 - - [26/Apr/2026 03:33:16] "GET /assets/sg-phase4-4.jpeg HTTP/1.1" 304 -
::1 - - [26/Apr/2026 03:33:16] "GET /assets/sg-phase5.jpeg HTTP/1.1" 304 -
::1 - - [26/Apr/2026 03:33:16] "GET /assets/sg-phase6.png HTTP/1.1" 304 -
::1 - - [26/Apr/2026 03:33:16] "GET /assets/sg-phase8-1.jpeg HTTP/1.1" 304 -
::1 - - [26/Apr/2026 03:33:16] "GET /assets/sg-phase8-2.jpeg HTTP/1.1" 304 -
::1 - - [26/Apr/2026 03:33:16] "GET /assets/sg-phase8-3.jpeg HTTP/1.1" 304 -
::1 - - [26/Apr/2026 03:33:16] "GET /assets/sg-phase8-4.jpeg HTTP/1.1" 304 -
::1 - - [26/Apr/2026 03:33:16] "GET /assets/sg-phase8-5.jpeg HTTP/1.1" 304 -
::1 - - [26/Apr/2026 03:33:16] "GET /assets/sg-phase8-6.jpeg HTTP/1.1" 304 -
::1 - - [26/Apr/2026 03:33:16] "GET /assets/sg-phase8-7.jpeg HTTP/1.1" 304 -
::1 - - [26/Apr/2026 03:33:16] "GET /assets/dervon-icon-premium.svg HTTP/1.1" 304 -
::1 - - [26/Apr/2026 03:33:16] "GET /assets/dervon-icon-v3.png HTTP/1.1" 304 -
